  [1m[35m (21.8ms)[0m  [1m[34mSELECT sqlite_version(*)[0m
  ↳ bin/rails:9
  [1m[35m (3.2ms)[0m  [1m[35mCREATE TABLE "schema_migrations" ("version" varchar NOT NULL PRIMARY KEY)[0m
  ↳ bin/rails:9
  [1m[35m (1.7ms)[0m  [1m[35mCREATE TABLE "ar_internal_metadata" ("key" varchar NOT NULL PRIMARY KEY, "value" varchar, "created_at" datetime NOT NULL, "updated_at" datetime NOT NULL)[0m
  ↳ bin/rails:9
  [1m[35m (0.4ms)[0m  [1m[34mSELECT "schema_migrations"."version" FROM "schema_migrations" ORDER BY "schema_migrations"."version" ASC[0m
  ↳ bin/rails:9
Migrating to CreateMovies (20180430100601)
  [1m[35m (0.2ms)[0m  [1m[36mbegin transaction[0m
  ↳ bin/rails:9
  [1m[35m (10.6ms)[0m  [1m[35mCREATE TABLE "movies" ("id" integer PRIMARY KEY AUTOINCREMENT NOT NULL, "title" varchar, "release_year" integer, "director" varchar, "created_at" datetime NOT NULL, "updated_at" datetime NOT NULL)[0m
  ↳ db/migrate/20180430100601_create_movies.rb:3
  [1m[36mActiveRecord::SchemaMigration Create (0.2ms)[0m  [1m[32mINSERT INTO "schema_migrations" ("version") VALUES (?)[0m  [["version", "20180430100601"]]
  ↳ bin/rails:9
  [1m[35m (1.2ms)[0m  [1m[36mcommit transaction[0m
  ↳ bin/rails:9
  [1m[36mActiveRecord::InternalMetadata Load (0.3ms)[0m  [1m[34mSELECT  "ar_internal_metadata".* FROM "ar_internal_metadata" WHERE "ar_internal_metadata"."key" = ? LIMIT ?[0m  [["key", "environment"], ["LIMIT", 1]]
  ↳ bin/rails:9
  [1m[35m (0.1ms)[0m  [1m[36mbegin transaction[0m
  ↳ bin/rails:9
  [1m[36mActiveRecord::InternalMetadata Create (0.4ms)[0m  [1m[32mINSERT INTO "ar_internal_metadata" ("key", "value", "created_at", "updated_at") VALUES (?, ?, ?, ?)[0m  [["key", "environment"], ["value", "development"], ["created_at", "2018-04-30 10:17:56.845024"], ["updated_at", "2018-04-30 10:17:56.845024"]]
  ↳ bin/rails:9
  [1m[35m (1.4ms)[0m  [1m[36mcommit transaction[0m
  ↳ bin/rails:9
  [1m[35m (0.1ms)[0m  [1m[34mSELECT "schema_migrations"."version" FROM "schema_migrations" ORDER BY "schema_migrations"."version" ASC[0m
  ↳ bin/rails:9
  [1m[35m (0.3ms)[0m  [1m[34mSELECT "schema_migrations"."version" FROM "schema_migrations" ORDER BY "schema_migrations"."version" ASC[0m
  ↳ bin/rails:9
  [1m[35m (0.1ms)[0m  [1m[36mbegin transaction[0m
  ↳ db/seeds.rb:9
  [1m[36mMovie Create (29.0ms)[0m  [1m[32mINSERT INTO "movies" ("title", "release_year", "director", "created_at", "updated_at") VALUES (?, ?, ?, ?, ?)[0m  [["title", "Drive"], ["release_year", 2011], ["director", "Refn"], ["created_at", "2018-04-30 10:27:06.522410"], ["updated_at", "2018-04-30 10:27:06.522410"]]
  ↳ db/seeds.rb:9
  [1m[35m (1.8ms)[0m  [1m[36mcommit transaction[0m
  ↳ db/seeds.rb:9
  [1m[35m (0.1ms)[0m  [1m[36mbegin transaction[0m
  ↳ db/seeds.rb:11
  [1m[36mMovie Create (0.5ms)[0m  [1m[32mINSERT INTO "movies" ("title", "release_year", "director", "created_at", "updated_at") VALUES (?, ?, ?, ?, ?)[0m  [["title", "Infernal Affairs"], ["release_year", 2002], ["director", "Lau"], ["created_at", "2018-04-30 10:27:06.556813"], ["updated_at", "2018-04-30 10:27:06.556813"]]
  ↳ db/seeds.rb:11
  [1m[35m (1.7ms)[0m  [1m[36mcommit transaction[0m
  ↳ db/seeds.rb:11
  [1m[35m (0.1ms)[0m  [1m[36mbegin transaction[0m
  ↳ db/seeds.rb:13
  [1m[36mMovie Create (0.4ms)[0m  [1m[32mINSERT INTO "movies" ("title", "release_year", "director", "created_at", "updated_at") VALUES (?, ?, ?, ?, ?)[0m  [["title", "The Grand Budapest Hotel"], ["release_year", 2014], ["director", "Anderson"], ["created_at", "2018-04-30 10:27:06.561369"], ["updated_at", "2018-04-30 10:27:06.561369"]]
  ↳ db/seeds.rb:13
  [1m[35m (5.5ms)[0m  [1m[36mcommit transaction[0m
  ↳ db/seeds.rb:13
  [1m[35m (0.1ms)[0m  [1m[36mbegin transaction[0m
  ↳ db/seeds.rb:15
  [1m[36mMovie Create (0.5ms)[0m  [1m[32mINSERT INTO "movies" ("title", "release_year", "director", "created_at", "updated_at") VALUES (?, ?, ?, ?, ?)[0m  [["title", "Inception"], ["release_year", 2013], ["director", "Nolan"], ["created_at", "2018-04-30 10:27:06.569539"], ["updated_at", "2018-04-30 10:27:06.569539"]]
  ↳ db/seeds.rb:15
  [1m[35m (1.7ms)[0m  [1m[36mcommit transaction[0m
  ↳ db/seeds.rb:15
  [1m[35m (0.0ms)[0m  [1m[36mbegin transaction[0m
  ↳ db/seeds.rb:17
  [1m[36mMovie Create (0.3ms)[0m  [1m[32mINSERT INTO "movies" ("title", "release_year", "director", "created_at", "updated_at") VALUES (?, ?, ?, ?, ?)[0m  [["title", "Fargo"], ["release_year", 1996], ["director", "Cohen Brothers"], ["created_at", "2018-04-30 10:27:06.573353"], ["updated_at", "2018-04-30 10:27:06.573353"]]
  ↳ db/seeds.rb:17
  [1m[35m (1.5ms)[0m  [1m[36mcommit transaction[0m
  ↳ db/seeds.rb:17
Started GET "/" for 127.0.0.1 at 2018-04-30 12:37:48 +0200
  [1m[35m (0.3ms)[0m  [1m[34mSELECT "schema_migrations"."version" FROM "schema_migrations" ORDER BY "schema_migrations"."version" ASC[0m
  ↳ /Users/richardjackson/.rvm/gems/ruby-2.3.4/gems/activerecord-5.2.0/lib/active_record/log_subscriber.rb:98
Processing by MoviesController#index as HTML
  Rendering movies/index.html.erb within layouts/application
  [1m[36mMovie Load (0.3ms)[0m  [1m[34mSELECT "movies".* FROM "movies"[0m
  ↳ app/views/movies/index.html.erb:3
  Rendered movies/index.html.erb within layouts/application (95.8ms)
Completed 200 OK in 6032ms (Views: 5950.9ms | ActiveRecord: 1.1ms)


Started GET "/" for 127.0.0.1 at 2018-04-30 12:42:35 +0200
  [1m[35m (0.3ms)[0m  [1m[34mSELECT "schema_migrations"."version" FROM "schema_migrations" ORDER BY "schema_migrations"."version" ASC[0m
  ↳ /Users/richardjackson/.rvm/gems/ruby-2.3.4/gems/activerecord-5.2.0/lib/active_record/log_subscriber.rb:98
Processing by MoviesController#index as HTML
  Rendering movies/index.html.erb within layouts/application
  [1m[36mMovie Load (0.5ms)[0m  [1m[34mSELECT "movies".* FROM "movies"[0m
  ↳ app/views/movies/index.html.erb:3
  Rendered movies/index.html.erb within layouts/application (17.8ms)
Completed 200 OK in 498ms (Views: 454.5ms | ActiveRecord: 1.7ms)


Started GET "/" for 127.0.0.1 at 2018-04-30 12:42:40 +0200
Processing by MoviesController#index as HTML
  Rendering movies/index.html.erb within layouts/application
  [1m[36mMovie Load (0.2ms)[0m  [1m[34mSELECT "movies".* FROM "movies"[0m
  ↳ app/views/movies/index.html.erb:3
  Rendered movies/index.html.erb within layouts/application (1.9ms)
Completed 200 OK in 72ms (Views: 68.4ms | ActiveRecord: 0.2ms)


  [1m[35m (0.3ms)[0m  [1m[34mSELECT "schema_migrations"."version" FROM "schema_migrations" ORDER BY "schema_migrations"."version" ASC[0m
  ↳ bin/rails:9
  [1m[36mMovie Load (0.4ms)[0m  [1m[34mSELECT "movies".* FROM "movies"[0m
  ↳ db/seeds.rb:8
  [1m[35m (0.2ms)[0m  [1m[36mbegin transaction[0m
  ↳ db/seeds.rb:8
  [1m[36mMovie Destroy (28.5ms)[0m  [1m[31mDELETE FROM "movies" WHERE "movies"."id" = ?[0m  [["id", 1]]
  ↳ db/seeds.rb:8
  [1m[35m (2.2ms)[0m  [1m[36mcommit transaction[0m
  ↳ db/seeds.rb:8
  [1m[35m (0.3ms)[0m  [1m[36mbegin transaction[0m
  ↳ db/seeds.rb:8
  [1m[36mMovie Destroy (0.4ms)[0m  [1m[31mDELETE FROM "movies" WHERE "movies"."id" = ?[0m  [["id", 2]]
  ↳ db/seeds.rb:8
  [1m[35m (1.5ms)[0m  [1m[36mcommit transaction[0m
  ↳ db/seeds.rb:8
  [1m[35m (0.1ms)[0m  [1m[36mbegin transaction[0m
  ↳ db/seeds.rb:8
  [1m[36mMovie Destroy (0.4ms)[0m  [1m[31mDELETE FROM "movies" WHERE "movies"."id" = ?[0m  [["id", 3]]
  ↳ db/seeds.rb:8
  [1m[35m (1.6ms)[0m  [1m[36mcommit transaction[0m
  ↳ db/seeds.rb:8
  [1m[35m (0.1ms)[0m  [1m[36mbegin transaction[0m
  ↳ db/seeds.rb:8
  [1m[36mMovie Destroy (0.4ms)[0m  [1m[31mDELETE FROM "movies" WHERE "movies"."id" = ?[0m  [["id", 4]]
  ↳ db/seeds.rb:8
  [1m[35m (1.5ms)[0m  [1m[36mcommit transaction[0m
  ↳ db/seeds.rb:8
  [1m[35m (0.1ms)[0m  [1m[36mbegin transaction[0m
  ↳ db/seeds.rb:8
  [1m[36mMovie Destroy (0.5ms)[0m  [1m[31mDELETE FROM "movies" WHERE "movies"."id" = ?[0m  [["id", 5]]
  ↳ db/seeds.rb:8
  [1m[35m (1.3ms)[0m  [1m[36mcommit transaction[0m
  ↳ db/seeds.rb:8
  [1m[35m (0.1ms)[0m  [1m[36mbegin transaction[0m
  ↳ db/seeds.rb:10
  [1m[36mMovie Create (0.4ms)[0m  [1m[32mINSERT INTO "movies" ("title", "release_year", "director", "created_at", "updated_at") VALUES (?, ?, ?, ?, ?)[0m  [["title", "Drive"], ["release_year", 2011], ["director", "Refn"], ["created_at", "2018-04-30 10:44:33.467739"], ["updated_at", "2018-04-30 10:44:33.467739"]]
  ↳ db/seeds.rb:10
  [1m[35m (1.8ms)[0m  [1m[36mcommit transaction[0m
  ↳ db/seeds.rb:10
  [1m[35m (0.1ms)[0m  [1m[36mbegin transaction[0m
  ↳ db/seeds.rb:12
  [1m[36mMovie Create (0.3ms)[0m  [1m[32mINSERT INTO "movies" ("title", "release_year", "director", "created_at", "updated_at") VALUES (?, ?, ?, ?, ?)[0m  [["title", "Infernal Affairs"], ["release_year", 2002], ["director", "Lau"], ["created_at", "2018-04-30 10:44:33.472111"], ["updated_at", "2018-04-30 10:44:33.472111"]]
  ↳ db/seeds.rb:12
  [1m[35m (1.5ms)[0m  [1m[36mcommit transaction[0m
  ↳ db/seeds.rb:12
  [1m[35m (0.0ms)[0m  [1m[36mbegin transaction[0m
  ↳ db/seeds.rb:14
  [1m[36mMovie Create (0.3ms)[0m  [1m[32mINSERT INTO "movies" ("title", "release_year", "director", "created_at", "updated_at") VALUES (?, ?, ?, ?, ?)[0m  [["title", "The Grand Budapest Hotel"], ["release_year", 2014], ["director", "Anderson"], ["created_at", "2018-04-30 10:44:33.475466"], ["updated_at", "2018-04-30 10:44:33.475466"]]
  ↳ db/seeds.rb:14
  [1m[35m (1.7ms)[0m  [1m[36mcommit transaction[0m
  ↳ db/seeds.rb:14
  [1m[35m (0.1ms)[0m  [1m[36mbegin transaction[0m
  ↳ db/seeds.rb:16
  [1m[36mMovie Create (0.4ms)[0m  [1m[32mINSERT INTO "movies" ("title", "release_year", "director", "created_at", "updated_at") VALUES (?, ?, ?, ?, ?)[0m  [["title", "Inception"], ["release_year", 2013], ["director", "Nolan"], ["created_at", "2018-04-30 10:44:33.481702"], ["updated_at", "2018-04-30 10:44:33.481702"]]
  ↳ db/seeds.rb:16
  [1m[35m (1.4ms)[0m  [1m[36mcommit transaction[0m
  ↳ db/seeds.rb:16
  [1m[35m (0.0ms)[0m  [1m[36mbegin transaction[0m
  ↳ db/seeds.rb:18
  [1m[36mMovie Create (0.3ms)[0m  [1m[32mINSERT INTO "movies" ("title", "release_year", "director", "created_at", "updated_at") VALUES (?, ?, ?, ?, ?)[0m  [["title", "Fargo"], ["release_year", 1996], ["director", "Cohen Brothers"], ["created_at", "2018-04-30 10:44:33.484955"], ["updated_at", "2018-04-30 10:44:33.484955"]]
  ↳ db/seeds.rb:18
  [1m[35m (1.9ms)[0m  [1m[36mcommit transaction[0m
  ↳ db/seeds.rb:18
  [1m[35m (0.2ms)[0m  [1m[34mSELECT "schema_migrations"."version" FROM "schema_migrations" ORDER BY "schema_migrations"."version" ASC[0m
  ↳ bin/rails:9
Migrating to RemoveDirectorFromMovies (20180430112505)
  [1m[35m (0.2ms)[0m  [1m[36mbegin transaction[0m
  ↳ bin/rails:9
  [1m[35m (0.1ms)[0m  [1m[34mSELECT sqlite_version(*)[0m
  ↳ db/migrate/20180430112505_remove_director_from_movies.rb:3
  [1m[35m (0.4ms)[0m  [1m[35mCREATE TEMPORARY TABLE "amovies" ("id" integer NOT NULL PRIMARY KEY, "title" varchar DEFAULT NULL, "release_year" integer DEFAULT NULL, "director" varchar DEFAULT NULL, "created_at" datetime NOT NULL, "updated_at" datetime NOT NULL)[0m
  ↳ db/migrate/20180430112505_remove_director_from_movies.rb:3
  [1m[35m (0.1ms)[0m  [1m[32mINSERT INTO "amovies" ("id","title","release_year","director","created_at","updated_at")
                     SELECT "id","title","release_year","director","created_at","updated_at" FROM "movies"[0m
  ↳ db/migrate/20180430112505_remove_director_from_movies.rb:3
  [1m[35m (29.2ms)[0m  [1m[35mDROP TABLE "movies"[0m
  ↳ db/migrate/20180430112505_remove_director_from_movies.rb:3
  [1m[35m (0.2ms)[0m  [1m[35mCREATE TABLE "movies" ("id" integer NOT NULL PRIMARY KEY, "title" varchar DEFAULT NULL, "release_year" integer DEFAULT NULL, "created_at" datetime NOT NULL, "updated_at" datetime NOT NULL)[0m
  ↳ db/migrate/20180430112505_remove_director_from_movies.rb:3
  [1m[35m (0.1ms)[0m  [1m[32mINSERT INTO "movies" ("id","title","release_year","created_at","updated_at")
                     SELECT "id","title","release_year","created_at","updated_at" FROM "amovies"[0m
  ↳ db/migrate/20180430112505_remove_director_from_movies.rb:3
  [1m[35m (0.1ms)[0m  [1m[35mDROP TABLE "amovies"[0m
  ↳ db/migrate/20180430112505_remove_director_from_movies.rb:3
  [1m[36mActiveRecord::SchemaMigration Create (0.2ms)[0m  [1m[32mINSERT INTO "schema_migrations" ("version") VALUES (?)[0m  [["version", "20180430112505"]]
  ↳ bin/rails:9
  [1m[35m (1.4ms)[0m  [1m[36mcommit transaction[0m
  ↳ bin/rails:9
  [1m[36mActiveRecord::InternalMetadata Load (0.7ms)[0m  [1m[34mSELECT  "ar_internal_metadata".* FROM "ar_internal_metadata" WHERE "ar_internal_metadata"."key" = ? LIMIT ?[0m  [["key", "environment"], ["LIMIT", 1]]
  ↳ bin/rails:9
  [1m[35m (0.1ms)[0m  [1m[36mbegin transaction[0m
  ↳ bin/rails:9
  [1m[35m (0.0ms)[0m  [1m[36mcommit transaction[0m
  ↳ bin/rails:9
  [1m[35m (0.1ms)[0m  [1m[34mSELECT "schema_migrations"."version" FROM "schema_migrations" ORDER BY "schema_migrations"."version" ASC[0m
  ↳ bin/rails:9
  [1m[35m (0.2ms)[0m  [1m[34mSELECT "schema_migrations"."version" FROM "schema_migrations" ORDER BY "schema_migrations"."version" ASC[0m
  ↳ bin/rails:9
Migrating to CreateDirectors (20180430113217)
  [1m[35m (0.2ms)[0m  [1m[36mbegin transaction[0m
  ↳ bin/rails:9
  [1m[35m (0.2ms)[0m  [1m[34mSELECT sqlite_version(*)[0m
  ↳ db/migrate/20180430113217_create_directors.rb:3
  [1m[35m (0.8ms)[0m  [1m[35mCREATE TABLE "directors" ("id" integer PRIMARY KEY AUTOINCREMENT NOT NULL, "first_name" varchar, "last_name" varchar, "created_at" datetime NOT NULL, "updated_at" datetime NOT NULL)[0m
  ↳ db/migrate/20180430113217_create_directors.rb:3
  [1m[36mActiveRecord::SchemaMigration Create (0.3ms)[0m  [1m[32mINSERT INTO "schema_migrations" ("version") VALUES (?)[0m  [["version", "20180430113217"]]
  ↳ bin/rails:9
  [1m[35m (27.6ms)[0m  [1m[36mcommit transaction[0m
  ↳ bin/rails:9
Migrating to AddDirectorToMovie (20180430113842)
  [1m[35m (0.1ms)[0m  [1m[36mbegin transaction[0m
  ↳ bin/rails:9
  [1m[35m (25.7ms)[0m  [1m[35mALTER TABLE "movies" ADD "director_id" integer[0m
  ↳ db/migrate/20180430113842_add_director_to_movie.rb:3
  [1m[35m (1.2ms)[0m  [1m[35mCREATE  INDEX "index_movies_on_director_id" ON "movies" ("director_id")[0m
  ↳ db/migrate/20180430113842_add_director_to_movie.rb:3
  [1m[36mActiveRecord::SchemaMigration Create (0.3ms)[0m  [1m[32mINSERT INTO "schema_migrations" ("version") VALUES (?)[0m  [["version", "20180430113842"]]
  ↳ bin/rails:9
  [1m[35m (1.4ms)[0m  [1m[36mcommit transaction[0m
  ↳ bin/rails:9
  [1m[36mActiveRecord::InternalMetadata Load (0.5ms)[0m  [1m[34mSELECT  "ar_internal_metadata".* FROM "ar_internal_metadata" WHERE "ar_internal_metadata"."key" = ? LIMIT ?[0m  [["key", "environment"], ["LIMIT", 1]]
  ↳ bin/rails:9
  [1m[35m (0.1ms)[0m  [1m[36mbegin transaction[0m
  ↳ bin/rails:9
  [1m[35m (0.1ms)[0m  [1m[36mcommit transaction[0m
  ↳ bin/rails:9
  [1m[35m (0.2ms)[0m  [1m[34mSELECT "schema_migrations"."version" FROM "schema_migrations" ORDER BY "schema_migrations"."version" ASC[0m
  ↳ bin/rails:9
  [1m[35m (7.2ms)[0m  [1m[34mSELECT "schema_migrations"."version" FROM "schema_migrations" ORDER BY "schema_migrations"."version" ASC[0m
  ↳ bin/rails:9
  [1m[35m (0.4ms)[0m  [1m[34mSELECT "schema_migrations"."version" FROM "schema_migrations" ORDER BY "schema_migrations"."version" ASC[0m
  ↳ bin/rails:9
  [1m[36mMovie Load (24.9ms)[0m  [1m[34mSELECT "movies".* FROM "movies"[0m
  ↳ db/seeds.rb:8
  [1m[35m (0.2ms)[0m  [1m[36mbegin transaction[0m
  ↳ db/seeds.rb:8
  [1m[36mMovie Destroy (1.3ms)[0m  [1m[31mDELETE FROM "movies" WHERE "movies"."id" = ?[0m  [["id", 6]]
  ↳ db/seeds.rb:8
  [1m[35m (1.7ms)[0m  [1m[36mcommit transaction[0m
  ↳ db/seeds.rb:8
  [1m[35m (0.1ms)[0m  [1m[36mbegin transaction[0m
  ↳ db/seeds.rb:8
  [1m[36mMovie Destroy (0.5ms)[0m  [1m[31mDELETE FROM "movies" WHERE "movies"."id" = ?[0m  [["id", 7]]
  ↳ db/seeds.rb:8
  [1m[35m (1.9ms)[0m  [1m[36mcommit transaction[0m
  ↳ db/seeds.rb:8
  [1m[35m (0.1ms)[0m  [1m[36mbegin transaction[0m
  ↳ db/seeds.rb:8
  [1m[36mMovie Destroy (0.4ms)[0m  [1m[31mDELETE FROM "movies" WHERE "movies"."id" = ?[0m  [["id", 8]]
  ↳ db/seeds.rb:8
  [1m[35m (1.6ms)[0m  [1m[36mcommit transaction[0m
  ↳ db/seeds.rb:8
  [1m[35m (0.1ms)[0m  [1m[36mbegin transaction[0m
  ↳ db/seeds.rb:8
  [1m[36mMovie Destroy (5.5ms)[0m  [1m[31mDELETE FROM "movies" WHERE "movies"."id" = ?[0m  [["id", 9]]
  ↳ db/seeds.rb:8
  [1m[35m (1.4ms)[0m  [1m[36mcommit transaction[0m
  ↳ db/seeds.rb:8
  [1m[35m (0.0ms)[0m  [1m[36mbegin transaction[0m
  ↳ db/seeds.rb:8
  [1m[36mMovie Destroy (0.3ms)[0m  [1m[31mDELETE FROM "movies" WHERE "movies"."id" = ?[0m  [["id", 10]]
  ↳ db/seeds.rb:8
  [1m[35m (1.3ms)[0m  [1m[36mcommit transaction[0m
  ↳ db/seeds.rb:8
  [1m[36mDirector Load (71.7ms)[0m  [1m[34mSELECT "directors".* FROM "directors"[0m
  ↳ db/seeds.rb:9
  [1m[35m (0.1ms)[0m  [1m[36mbegin transaction[0m
  ↳ db/seeds.rb:11
  [1m[36mMovie Create (0.4ms)[0m  [1m[32mINSERT INTO "movies" ("title", "release_year", "created_at", "updated_at") VALUES (?, ?, ?, ?)[0m  [["title", "Drive"], ["release_year", 2011], ["created_at", "2018-04-30 13:00:45.990362"], ["updated_at", "2018-04-30 13:00:45.990362"]]
  ↳ db/seeds.rb:11
  [1m[35m (1.4ms)[0m  [1m[36mcommit transaction[0m
  ↳ db/seeds.rb:11
  [1m[35m (0.1ms)[0m  [1m[36mbegin transaction[0m
  ↳ db/seeds.rb:12
  [1m[36mDirector Create (0.3ms)[0m  [1m[32mINSERT INTO "directors" ("first_name", "last_name", "created_at", "updated_at") VALUES (?, ?, ?, ?)[0m  [["first_name", "Nicolas"], ["last_name", "Refn"], ["created_at", "2018-04-30 13:00:46.001165"], ["updated_at", "2018-04-30 13:00:46.001165"]]
  ↳ db/seeds.rb:12
  [1m[35m (1.3ms)[0m  [1m[36mcommit transaction[0m
  ↳ db/seeds.rb:12
  [1m[35m (0.1ms)[0m  [1m[36mbegin transaction[0m
  ↳ db/seeds.rb:14
  [1m[36mMovie Create (0.5ms)[0m  [1m[32mINSERT INTO "movies" ("title", "release_year", "created_at", "updated_at") VALUES (?, ?, ?, ?)[0m  [["title", "Infernal Affairs"], ["release_year", 2002], ["created_at", "2018-04-30 13:00:46.004904"], ["updated_at", "2018-04-30 13:00:46.004904"]]
  ↳ db/seeds.rb:14
  [1m[35m (1.4ms)[0m  [1m[36mcommit transaction[0m
  ↳ db/seeds.rb:14
  [1m[35m (0.0ms)[0m  [1m[36mbegin transaction[0m
  ↳ db/seeds.rb:15
  [1m[36mDirector Create (0.3ms)[0m  [1m[32mINSERT INTO "directors" ("first_name", "last_name", "created_at", "updated_at") VALUES (?, ?, ?, ?)[0m  [["first_name", "Andy"], ["last_name", "Lau"], ["created_at", "2018-04-30 13:00:46.009177"], ["updated_at", "2018-04-30 13:00:46.009177"]]
  ↳ db/seeds.rb:15
  [1m[35m (30.6ms)[0m  [1m[36mcommit transaction[0m
  ↳ db/seeds.rb:15
  [1m[35m (0.1ms)[0m  [1m[36mbegin transaction[0m
  ↳ db/seeds.rb:17
  [1m[36mMovie Create (0.4ms)[0m  [1m[32mINSERT INTO "movies" ("title", "release_year", "created_at", "updated_at") VALUES (?, ?, ?, ?)[0m  [["title", "The Grand Budapest Hotel"], ["release_year", 2014], ["created_at", "2018-04-30 13:00:46.041878"], ["updated_at", "2018-04-30 13:00:46.041878"]]
  ↳ db/seeds.rb:17
  [1m[35m (1.5ms)[0m  [1m[36mcommit transaction[0m
  ↳ db/seeds.rb:17
  [1m[35m (0.0ms)[0m  [1m[36mbegin transaction[0m
  ↳ db/seeds.rb:18
  [1m[36mDirector Create (0.3ms)[0m  [1m[32mINSERT INTO "directors" ("first_name", "last_name", "created_at", "updated_at") VALUES (?, ?, ?, ?)[0m  [["first_name", "Wes"], ["last_name", "Anderson"], ["created_at", "2018-04-30 13:00:46.045691"], ["updated_at", "2018-04-30 13:00:46.045691"]]
  ↳ db/seeds.rb:18
  [1m[35m (1.6ms)[0m  [1m[36mcommit transaction[0m
  ↳ db/seeds.rb:18
  [1m[35m (0.1ms)[0m  [1m[36mbegin transaction[0m
  ↳ db/seeds.rb:20
  [1m[36mMovie Create (0.4ms)[0m  [1m[32mINSERT INTO "movies" ("title", "release_year", "created_at", "updated_at") VALUES (?, ?, ?, ?)[0m  [["title", "Inception"], ["release_year", 2013], ["created_at", "2018-04-30 13:00:46.049408"], ["updated_at", "2018-04-30 13:00:46.049408"]]
  ↳ db/seeds.rb:20
  [1m[35m (1.8ms)[0m  [1m[36mcommit transaction[0m
  ↳ db/seeds.rb:20
  [1m[35m (0.0ms)[0m  [1m[36mbegin transaction[0m
  ↳ db/seeds.rb:21
  [1m[36mDirector Create (0.3ms)[0m  [1m[32mINSERT INTO "directors" ("first_name", "last_name", "created_at", "updated_at") VALUES (?, ?, ?, ?)[0m  [["first_name", "Christopher"], ["last_name", "Nolan"], ["created_at", "2018-04-30 13:00:46.053124"], ["updated_at", "2018-04-30 13:00:46.053124"]]
  ↳ db/seeds.rb:21
  [1m[35m (1.4ms)[0m  [1m[36mcommit transaction[0m
  ↳ db/seeds.rb:21
  [1m[35m (0.1ms)[0m  [1m[36mbegin transaction[0m
  ↳ db/seeds.rb:23
  [1m[36mMovie Create (0.4ms)[0m  [1m[32mINSERT INTO "movies" ("title", "release_year", "created_at", "updated_at") VALUES (?, ?, ?, ?)[0m  [["title", "Fargo"], ["release_year", 1996], ["created_at", "2018-04-30 13:00:46.056965"], ["updated_at", "2018-04-30 13:00:46.056965"]]
  ↳ db/seeds.rb:23
  [1m[35m (1.5ms)[0m  [1m[36mcommit transaction[0m
  ↳ db/seeds.rb:23
  [1m[35m (0.0ms)[0m  [1m[36mbegin transaction[0m
  ↳ db/seeds.rb:24
  [1m[36mDirector Create (0.3ms)[0m  [1m[32mINSERT INTO "directors" ("first_name", "last_name", "created_at", "updated_at") VALUES (?, ?, ?, ?)[0m  [["first_name", "Brothers"], ["last_name", "Cohen"], ["created_at", "2018-04-30 13:00:46.060440"], ["updated_at", "2018-04-30 13:00:46.060440"]]
  ↳ db/seeds.rb:24
  [1m[35m (1.3ms)[0m  [1m[36mcommit transaction[0m
  ↳ db/seeds.rb:24
  [1m[35m (0.2ms)[0m  [1m[34mSELECT "schema_migrations"."version" FROM "schema_migrations" ORDER BY "schema_migrations"."version" ASC[0m
  ↳ bin/rails:9
  [1m[36mMovie Load (0.4ms)[0m  [1m[34mSELECT "movies".* FROM "movies"[0m
  ↳ db/seeds.rb:8
  [1m[35m (0.1ms)[0m  [1m[36mbegin transaction[0m
  ↳ db/seeds.rb:8
  [1m[36mMovie Destroy (28.7ms)[0m  [1m[31mDELETE FROM "movies" WHERE "movies"."id" = ?[0m  [["id", 1]]
  ↳ db/seeds.rb:8
  [1m[35m (2.2ms)[0m  [1m[36mcommit transaction[0m
  ↳ db/seeds.rb:8
  [1m[35m (0.1ms)[0m  [1m[36mbegin transaction[0m
  ↳ db/seeds.rb:8
  [1m[36mMovie Destroy (0.5ms)[0m  [1m[31mDELETE FROM "movies" WHERE "movies"."id" = ?[0m  [["id", 2]]
  ↳ db/seeds.rb:8
  [1m[35m (1.8ms)[0m  [1m[36mcommit transaction[0m
  ↳ db/seeds.rb:8
  [1m[35m (0.1ms)[0m  [1m[36mbegin transaction[0m
  ↳ db/seeds.rb:8
  [1m[36mMovie Destroy (0.5ms)[0m  [1m[31mDELETE FROM "movies" WHERE "movies"."id" = ?[0m  [["id", 3]]
  ↳ db/seeds.rb:8
  [1m[35m (1.8ms)[0m  [1m[36mcommit transaction[0m
  ↳ db/seeds.rb:8
  [1m[35m (0.1ms)[0m  [1m[36mbegin transaction[0m
  ↳ db/seeds.rb:8
  [1m[36mMovie Destroy (0.5ms)[0m  [1m[31mDELETE FROM "movies" WHERE "movies"."id" = ?[0m  [["id", 4]]
  ↳ db/seeds.rb:8
  [1m[35m (16.5ms)[0m  [1m[36mcommit transaction[0m
  ↳ db/seeds.rb:8
  [1m[35m (0.1ms)[0m  [1m[36mbegin transaction[0m
  ↳ db/seeds.rb:8
  [1m[36mMovie Destroy (0.7ms)[0m  [1m[31mDELETE FROM "movies" WHERE "movies"."id" = ?[0m  [["id", 5]]
  ↳ db/seeds.rb:8
  [1m[35m (1.9ms)[0m  [1m[36mcommit transaction[0m
  ↳ db/seeds.rb:8
  [1m[36mDirector Load (0.4ms)[0m  [1m[34mSELECT "directors".* FROM "directors"[0m
  ↳ db/seeds.rb:9
  [1m[35m (0.3ms)[0m  [1m[36mbegin transaction[0m
  ↳ db/seeds.rb:9
  [1m[36mDirector Destroy (1.5ms)[0m  [1m[31mDELETE FROM "directors" WHERE "directors"."id" = ?[0m  [["id", 1]]
  ↳ db/seeds.rb:9
  [1m[35m (1.7ms)[0m  [1m[36mcommit transaction[0m
  ↳ db/seeds.rb:9
  [1m[35m (0.3ms)[0m  [1m[36mbegin transaction[0m
  ↳ db/seeds.rb:9
  [1m[36mDirector Destroy (1.8ms)[0m  [1m[31mDELETE FROM "directors" WHERE "directors"."id" = ?[0m  [["id", 2]]
  ↳ db/seeds.rb:9
  [1m[35m (18.9ms)[0m  [1m[36mcommit transaction[0m
  ↳ db/seeds.rb:9
  [1m[35m (0.1ms)[0m  [1m[36mbegin transaction[0m
  ↳ db/seeds.rb:9
  [1m[36mDirector Destroy (0.6ms)[0m  [1m[31mDELETE FROM "directors" WHERE "directors"."id" = ?[0m  [["id", 3]]
  ↳ db/seeds.rb:9
  [1m[35m (1.3ms)[0m  [1m[36mcommit transaction[0m
  ↳ db/seeds.rb:9
  [1m[35m (0.1ms)[0m  [1m[36mbegin transaction[0m
  ↳ db/seeds.rb:9
  [1m[36mDirector Destroy (0.3ms)[0m  [1m[31mDELETE FROM "directors" WHERE "directors"."id" = ?[0m  [["id", 4]]
  ↳ db/seeds.rb:9
  [1m[35m (1.2ms)[0m  [1m[36mcommit transaction[0m
  ↳ db/seeds.rb:9
  [1m[35m (0.1ms)[0m  [1m[36mbegin transaction[0m
  ↳ db/seeds.rb:9
  [1m[36mDirector Destroy (0.3ms)[0m  [1m[31mDELETE FROM "directors" WHERE "directors"."id" = ?[0m  [["id", 5]]
  ↳ db/seeds.rb:9
  [1m[35m (1.4ms)[0m  [1m[36mcommit transaction[0m
  ↳ db/seeds.rb:9
  [1m[35m (0.2ms)[0m  [1m[34mSELECT "schema_migrations"."version" FROM "schema_migrations" ORDER BY "schema_migrations"."version" ASC[0m
  ↳ bin/rails:9
  [1m[36mMovie Load (0.3ms)[0m  [1m[34mSELECT "movies".* FROM "movies"[0m
  ↳ db/seeds.rb:8
  [1m[36mDirector Load (0.3ms)[0m  [1m[34mSELECT "directors".* FROM "directors"[0m
  ↳ db/seeds.rb:9
  [1m[35m (0.2ms)[0m  [1m[34mSELECT "schema_migrations"."version" FROM "schema_migrations" ORDER BY "schema_migrations"."version" ASC[0m
  ↳ bin/rails:9
  [1m[36mMovie Load (0.3ms)[0m  [1m[34mSELECT "movies".* FROM "movies"[0m
  ↳ db/seeds.rb:8
  [1m[36mDirector Load (0.3ms)[0m  [1m[34mSELECT "directors".* FROM "directors"[0m
  ↳ db/seeds.rb:9
  [1m[35m (0.2ms)[0m  [1m[34mSELECT "schema_migrations"."version" FROM "schema_migrations" ORDER BY "schema_migrations"."version" ASC[0m
  ↳ bin/rails:9
  [1m[35m (0.3ms)[0m  [1m[34mSELECT "schema_migrations"."version" FROM "schema_migrations" ORDER BY "schema_migrations"."version" ASC[0m
  ↳ bin/rails:9
  [1m[36mMovie Load (0.3ms)[0m  [1m[34mSELECT "movies".* FROM "movies"[0m
  ↳ db/seeds.rb:8
  [1m[36mDirector Load (0.3ms)[0m  [1m[34mSELECT "directors".* FROM "directors"[0m
  ↳ db/seeds.rb:9
  [1m[35m (0.2ms)[0m  [1m[34mSELECT "schema_migrations"."version" FROM "schema_migrations" ORDER BY "schema_migrations"."version" ASC[0m
  ↳ bin/rails:9
  [1m[36mMovie Load (0.3ms)[0m  [1m[34mSELECT "movies".* FROM "movies"[0m
  ↳ db/seeds.rb:8
  [1m[36mDirector Load (0.3ms)[0m  [1m[34mSELECT "directors".* FROM "directors"[0m
  ↳ db/seeds.rb:9
  [1m[35m (0.4ms)[0m  [1m[34mSELECT "schema_migrations"."version" FROM "schema_migrations" ORDER BY "schema_migrations"."version" ASC[0m
  ↳ bin/rails:9
  [1m[36mMovie Load (0.3ms)[0m  [1m[34mSELECT "movies".* FROM "movies"[0m
  ↳ db/seeds.rb:8
  [1m[36mDirector Load (0.3ms)[0m  [1m[34mSELECT "directors".* FROM "directors"[0m
  ↳ db/seeds.rb:9
  [1m[35m (0.1ms)[0m  [1m[36mbegin transaction[0m
  ↳ db/seeds.rb:11
  [1m[36mDirector Create (34.7ms)[0m  [1m[32mINSERT INTO "directors" ("first_name", "last_name", "created_at", "updated_at") VALUES (?, ?, ?, ?)[0m  [["first_name", "Nicolas"], ["last_name", "Refn"], ["created_at", "2018-04-30 13:15:42.054673"], ["updated_at", "2018-04-30 13:15:42.054673"]]
  ↳ db/seeds.rb:11
  [1m[35m (6.9ms)[0m  [1m[36mcommit transaction[0m
  ↳ db/seeds.rb:11
  [1m[35m (0.2ms)[0m  [1m[34mSELECT "schema_migrations"."version" FROM "schema_migrations" ORDER BY "schema_migrations"."version" ASC[0m
  ↳ bin/rails:9
  [1m[36mMovie Load (0.3ms)[0m  [1m[34mSELECT "movies".* FROM "movies"[0m
  ↳ db/seeds.rb:8
  [1m[36mDirector Load (0.3ms)[0m  [1m[34mSELECT "directors".* FROM "directors"[0m
  ↳ db/seeds.rb:9
  [1m[35m (0.2ms)[0m  [1m[36mbegin transaction[0m
  ↳ db/seeds.rb:9
  [1m[36mDirector Destroy (40.8ms)[0m  [1m[31mDELETE FROM "directors" WHERE "directors"."id" = ?[0m  [["id", 6]]
  ↳ db/seeds.rb:9
  [1m[35m (2.9ms)[0m  [1m[36mcommit transaction[0m
  ↳ db/seeds.rb:9
  [1m[35m (0.1ms)[0m  [1m[36mbegin transaction[0m
  ↳ db/seeds.rb:11
  [1m[36mDirector Create (0.5ms)[0m  [1m[32mINSERT INTO "directors" ("first_name", "last_name", "created_at", "updated_at") VALUES (?, ?, ?, ?)[0m  [["first_name", "Nicolas"], ["last_name", "Refn"], ["created_at", "2018-04-30 13:17:32.796766"], ["updated_at", "2018-04-30 13:17:32.796766"]]
  ↳ db/seeds.rb:11
  [1m[35m (1.5ms)[0m  [1m[36mcommit transaction[0m
  ↳ db/seeds.rb:11
  [1m[35m (0.1ms)[0m  [1m[36mbegin transaction[0m
  ↳ db/seeds.rb:12
  [1m[36mDirector Create (0.5ms)[0m  [1m[32mINSERT INTO "directors" ("first_name", "last_name", "created_at", "updated_at") VALUES (?, ?, ?, ?)[0m  [["first_name", "Andy"], ["last_name", "Lau"], ["created_at", "2018-04-30 13:17:32.802900"], ["updated_at", "2018-04-30 13:17:32.802900"]]
  ↳ db/seeds.rb:12
  [1m[35m (2.2ms)[0m  [1m[36mcommit transaction[0m
  ↳ db/seeds.rb:12
  [1m[35m (0.1ms)[0m  [1m[36mbegin transaction[0m
  ↳ db/seeds.rb:13
  [1m[36mDirector Create (0.4ms)[0m  [1m[32mINSERT INTO "directors" ("first_name", "last_name", "created_at", "updated_at") VALUES (?, ?, ?, ?)[0m  [["first_name", "Wes"], ["last_name", "Anderson"], ["created_at", "2018-04-30 13:17:32.808586"], ["updated_at", "2018-04-30 13:17:32.808586"]]
  ↳ db/seeds.rb:13
  [1m[35m (2.2ms)[0m  [1m[36mcommit transaction[0m
  ↳ db/seeds.rb:13
  [1m[35m (0.1ms)[0m  [1m[36mbegin transaction[0m
  ↳ db/seeds.rb:14
  [1m[36mDirector Create (0.4ms)[0m  [1m[32mINSERT INTO "directors" ("first_name", "last_name", "created_at", "updated_at") VALUES (?, ?, ?, ?)[0m  [["first_name", "Christopher"], ["last_name", "Nolan"], ["created_at", "2018-04-30 13:17:32.813431"], ["updated_at", "2018-04-30 13:17:32.813431"]]
  ↳ db/seeds.rb:14
  [1m[35m (3.2ms)[0m  [1m[36mcommit transaction[0m
  ↳ db/seeds.rb:14
  [1m[35m (0.1ms)[0m  [1m[36mbegin transaction[0m
  ↳ db/seeds.rb:15
  [1m[36mDirector Create (0.4ms)[0m  [1m[32mINSERT INTO "directors" ("first_name", "last_name", "created_at", "updated_at") VALUES (?, ?, ?, ?)[0m  [["first_name", "Brothers"], ["last_name", "Cohen"], ["created_at", "2018-04-30 13:17:32.819184"], ["updated_at", "2018-04-30 13:17:32.819184"]]
  ↳ db/seeds.rb:15
  [1m[35m (1.2ms)[0m  [1m[36mcommit transaction[0m
  ↳ db/seeds.rb:15
  [1m[35m (0.2ms)[0m  [1m[34mSELECT "schema_migrations"."version" FROM "schema_migrations" ORDER BY "schema_migrations"."version" ASC[0m
  ↳ bin/rails:9
  [1m[35m (0.2ms)[0m  [1m[34mSELECT "schema_migrations"."version" FROM "schema_migrations" ORDER BY "schema_migrations"."version" ASC[0m
  ↳ bin/rails:9
  [1m[36mMovie Load (0.3ms)[0m  [1m[34mSELECT "movies".* FROM "movies"[0m
  ↳ db/seeds.rb:8
  [1m[36mDirector Load (0.3ms)[0m  [1m[34mSELECT "directors".* FROM "directors"[0m
  ↳ db/seeds.rb:9
  [1m[35m (0.1ms)[0m  [1m[36mbegin transaction[0m
  ↳ db/seeds.rb:9
  [1m[36mDirector Destroy (0.9ms)[0m  [1m[31mDELETE FROM "directors" WHERE "directors"."id" = ?[0m  [["id", 7]]
  ↳ db/seeds.rb:9
  [1m[35m (1.8ms)[0m  [1m[36mcommit transaction[0m
  ↳ db/seeds.rb:9
  [1m[35m (0.0ms)[0m  [1m[36mbegin transaction[0m
  ↳ db/seeds.rb:9
  [1m[36mDirector Destroy (0.3ms)[0m  [1m[31mDELETE FROM "directors" WHERE "directors"."id" = ?[0m  [["id", 8]]
  ↳ db/seeds.rb:9
  [1m[35m (1.3ms)[0m  [1m[36mcommit transaction[0m
  ↳ db/seeds.rb:9
  [1m[35m (0.1ms)[0m  [1m[36mbegin transaction[0m
  ↳ db/seeds.rb:9
  [1m[36mDirector Destroy (0.2ms)[0m  [1m[31mDELETE FROM "directors" WHERE "directors"."id" = ?[0m  [["id", 9]]
  ↳ db/seeds.rb:9
  [1m[35m (1.3ms)[0m  [1m[36mcommit transaction[0m
  ↳ db/seeds.rb:9
  [1m[35m (0.0ms)[0m  [1m[36mbegin transaction[0m
  ↳ db/seeds.rb:9
  [1m[36mDirector Destroy (0.3ms)[0m  [1m[31mDELETE FROM "directors" WHERE "directors"."id" = ?[0m  [["id", 10]]
  ↳ db/seeds.rb:9
  [1m[35m (1.3ms)[0m  [1m[36mcommit transaction[0m
  ↳ db/seeds.rb:9
  [1m[35m (0.1ms)[0m  [1m[36mbegin transaction[0m
  ↳ db/seeds.rb:9
  [1m[36mDirector Destroy (0.3ms)[0m  [1m[31mDELETE FROM "directors" WHERE "directors"."id" = ?[0m  [["id", 11]]
  ↳ db/seeds.rb:9
  [1m[35m (1.3ms)[0m  [1m[36mcommit transaction[0m
  ↳ db/seeds.rb:9
  [1m[35m (0.0ms)[0m  [1m[36mbegin transaction[0m
  ↳ db/seeds.rb:11
  [1m[36mDirector Create (0.4ms)[0m  [1m[32mINSERT INTO "directors" ("first_name", "last_name", "created_at", "updated_at") VALUES (?, ?, ?, ?)[0m  [["first_name", "Nicolas"], ["last_name", "Refn"], ["created_at", "2018-04-30 13:18:32.348565"], ["updated_at", "2018-04-30 13:18:32.348565"]]
  ↳ db/seeds.rb:11
  [1m[35m (1.3ms)[0m  [1m[36mcommit transaction[0m
  ↳ db/seeds.rb:11
  [1m[35m (0.0ms)[0m  [1m[36mbegin transaction[0m
  ↳ db/seeds.rb:12
  [1m[36mDirector Create (0.3ms)[0m  [1m[32mINSERT INTO "directors" ("first_name", "last_name", "created_at", "updated_at") VALUES (?, ?, ?, ?)[0m  [["first_name", "Andy"], ["last_name", "Lau"], ["created_at", "2018-04-30 13:18:32.352447"], ["updated_at", "2018-04-30 13:18:32.352447"]]
  ↳ db/seeds.rb:12
  [1m[35m (2.4ms)[0m  [1m[36mcommit transaction[0m
  ↳ db/seeds.rb:12
  [1m[35m (0.1ms)[0m  [1m[36mbegin transaction[0m
  ↳ db/seeds.rb:13
  [1m[36mDirector Create (0.4ms)[0m  [1m[32mINSERT INTO "directors" ("first_name", "last_name", "created_at", "updated_at") VALUES (?, ?, ?, ?)[0m  [["first_name", "Wes"], ["last_name", "Anderson"], ["created_at", "2018-04-30 13:18:32.356746"], ["updated_at", "2018-04-30 13:18:32.356746"]]
  ↳ db/seeds.rb:13
  [1m[35m (1.6ms)[0m  [1m[36mcommit transaction[0m
  ↳ db/seeds.rb:13
  [1m[35m (0.1ms)[0m  [1m[36mbegin transaction[0m
  ↳ db/seeds.rb:14
  [1m[36mDirector Create (0.3ms)[0m  [1m[32mINSERT INTO "directors" ("first_name", "last_name", "created_at", "updated_at") VALUES (?, ?, ?, ?)[0m  [["first_name", "Christopher"], ["last_name", "Nolan"], ["created_at", "2018-04-30 13:18:32.360368"], ["updated_at", "2018-04-30 13:18:32.360368"]]
  ↳ db/seeds.rb:14
  [1m[35m (1.3ms)[0m  [1m[36mcommit transaction[0m
  ↳ db/seeds.rb:14
  [1m[35m (0.0ms)[0m  [1m[36mbegin transaction[0m
  ↳ db/seeds.rb:15
  [1m[36mDirector Create (0.3ms)[0m  [1m[32mINSERT INTO "directors" ("first_name", "last_name", "created_at", "updated_at") VALUES (?, ?, ?, ?)[0m  [["first_name", "Brothers"], ["last_name", "Cohen"], ["created_at", "2018-04-30 13:18:32.363548"], ["updated_at", "2018-04-30 13:18:32.363548"]]
  ↳ db/seeds.rb:15
  [1m[35m (1.6ms)[0m  [1m[36mcommit transaction[0m
  ↳ db/seeds.rb:15
  [1m[35m (0.2ms)[0m  [1m[34mSELECT "schema_migrations"."version" FROM "schema_migrations" ORDER BY "schema_migrations"."version" ASC[0m
  ↳ bin/rails:9
  [1m[36mMovie Load (0.3ms)[0m  [1m[34mSELECT "movies".* FROM "movies"[0m
  ↳ db/seeds.rb:8
  [1m[36mDirector Load (0.2ms)[0m  [1m[34mSELECT "directors".* FROM "directors"[0m
  ↳ db/seeds.rb:9
  [1m[35m (0.4ms)[0m  [1m[36mbegin transaction[0m
  ↳ db/seeds.rb:9
  [1m[36mDirector Destroy (29.2ms)[0m  [1m[31mDELETE FROM "directors" WHERE "directors"."id" = ?[0m  [["id", 12]]
  ↳ db/seeds.rb:9
  [1m[35m (2.4ms)[0m  [1m[36mcommit transaction[0m
  ↳ db/seeds.rb:9
  [1m[35m (0.1ms)[0m  [1m[36mbegin transaction[0m
  ↳ db/seeds.rb:9
  [1m[36mDirector Destroy (0.5ms)[0m  [1m[31mDELETE FROM "directors" WHERE "directors"."id" = ?[0m  [["id", 13]]
  ↳ db/seeds.rb:9
  [1m[35m (1.3ms)[0m  [1m[36mcommit transaction[0m
  ↳ db/seeds.rb:9
  [1m[35m (0.1ms)[0m  [1m[36mbegin transaction[0m
  ↳ db/seeds.rb:9
  [1m[36mDirector Destroy (0.4ms)[0m  [1m[31mDELETE FROM "directors" WHERE "directors"."id" = ?[0m  [["id", 14]]
  ↳ db/seeds.rb:9
  [1m[35m (7.0ms)[0m  [1m[36mcommit transaction[0m
  ↳ db/seeds.rb:9
  [1m[35m (0.1ms)[0m  [1m[36mbegin transaction[0m
  ↳ db/seeds.rb:9
  [1m[36mDirector Destroy (28.6ms)[0m  [1m[31mDELETE FROM "directors" WHERE "directors"."id" = ?[0m  [["id", 15]]
  ↳ db/seeds.rb:9
  [1m[35m (74.2ms)[0m  [1m[36mcommit transaction[0m
  ↳ db/seeds.rb:9
  [1m[35m (0.1ms)[0m  [1m[36mbegin transaction[0m
  ↳ db/seeds.rb:9
  [1m[36mDirector Destroy (10.0ms)[0m  [1m[31mDELETE FROM "directors" WHERE "directors"."id" = ?[0m  [["id", 16]]
  ↳ db/seeds.rb:9
  [1m[35m (2.2ms)[0m  [1m[36mcommit transaction[0m
  ↳ db/seeds.rb:9
  [1m[35m (0.1ms)[0m  [1m[36mbegin transaction[0m
  ↳ db/seeds.rb:11
  [1m[36mDirector Create (0.4ms)[0m  [1m[32mINSERT INTO "directors" ("first_name", "last_name", "created_at", "updated_at") VALUES (?, ?, ?, ?)[0m  [["first_name", "Nicolas"], ["last_name", "Refn"], ["created_at", "2018-04-30 13:30:37.938961"], ["updated_at", "2018-04-30 13:30:37.938961"]]
  ↳ db/seeds.rb:11
  [1m[35m (21.5ms)[0m  [1m[36mcommit transaction[0m
  ↳ db/seeds.rb:11
  [1m[35m (0.1ms)[0m  [1m[36mbegin transaction[0m
  ↳ db/seeds.rb:12
  [1m[36mDirector Create (0.5ms)[0m  [1m[32mINSERT INTO "directors" ("first_name", "last_name", "created_at", "updated_at") VALUES (?, ?, ?, ?)[0m  [["first_name", "Andy"], ["last_name", "Lau"], ["created_at", "2018-04-30 13:30:37.963357"], ["updated_at", "2018-04-30 13:30:37.963357"]]
  ↳ db/seeds.rb:12
  [1m[35m (22.9ms)[0m  [1m[36mcommit transaction[0m
  ↳ db/seeds.rb:12
  [1m[35m (0.1ms)[0m  [1m[36mbegin transaction[0m
  ↳ db/seeds.rb:13
  [1m[36mDirector Create (0.3ms)[0m  [1m[32mINSERT INTO "directors" ("first_name", "last_name", "created_at", "updated_at") VALUES (?, ?, ?, ?)[0m  [["first_name", "Wes"], ["last_name", "Anderson"], ["created_at", "2018-04-30 13:30:37.988731"], ["updated_at", "2018-04-30 13:30:37.988731"]]
  ↳ db/seeds.rb:13
  [1m[35m (1.8ms)[0m  [1m[36mcommit transaction[0m
  ↳ db/seeds.rb:13
  [1m[35m (0.1ms)[0m  [1m[36mbegin transaction[0m
  ↳ db/seeds.rb:14
  [1m[36mDirector Create (0.4ms)[0m  [1m[32mINSERT INTO "directors" ("first_name", "last_name", "created_at", "updated_at") VALUES (?, ?, ?, ?)[0m  [["first_name", "Christopher"], ["last_name", "Nolan"], ["created_at", "2018-04-30 13:30:37.992510"], ["updated_at", "2018-04-30 13:30:37.992510"]]
  ↳ db/seeds.rb:14
  [1m[35m (2.8ms)[0m  [1m[36mcommit transaction[0m
  ↳ db/seeds.rb:14
  [1m[35m (0.1ms)[0m  [1m[36mbegin transaction[0m
  ↳ db/seeds.rb:15
  [1m[36mDirector Create (0.3ms)[0m  [1m[32mINSERT INTO "directors" ("first_name", "last_name", "created_at", "updated_at") VALUES (?, ?, ?, ?)[0m  [["first_name", "Brothers"], ["last_name", "Cohen"], ["created_at", "2018-04-30 13:30:37.997444"], ["updated_at", "2018-04-30 13:30:37.997444"]]
  ↳ db/seeds.rb:15
  [1m[35m (1.3ms)[0m  [1m[36mcommit transaction[0m
  ↳ db/seeds.rb:15
  [1m[35m (0.3ms)[0m  [1m[34mSELECT "schema_migrations"."version" FROM "schema_migrations" ORDER BY "schema_migrations"."version" ASC[0m
  ↳ bin/rails:9
  [1m[36mMovie Load (0.2ms)[0m  [1m[34mSELECT "movies".* FROM "movies"[0m
  ↳ db/seeds.rb:8
  [1m[36mDirector Load (0.4ms)[0m  [1m[34mSELECT "directors".* FROM "directors"[0m
  ↳ db/seeds.rb:9
  [1m[35m (0.1ms)[0m  [1m[36mbegin transaction[0m
  ↳ db/seeds.rb:9
  [1m[36mDirector Destroy (28.8ms)[0m  [1m[31mDELETE FROM "directors" WHERE "directors"."id" = ?[0m  [["id", 17]]
  ↳ db/seeds.rb:9
  [1m[35m (1.6ms)[0m  [1m[36mcommit transaction[0m
  ↳ db/seeds.rb:9
  [1m[35m (0.1ms)[0m  [1m[36mbegin transaction[0m
  ↳ db/seeds.rb:9
  [1m[36mDirector Destroy (0.4ms)[0m  [1m[31mDELETE FROM "directors" WHERE "directors"."id" = ?[0m  [["id", 18]]
  ↳ db/seeds.rb:9
  [1m[35m (1.8ms)[0m  [1m[36mcommit transaction[0m
  ↳ db/seeds.rb:9
  [1m[35m (0.1ms)[0m  [1m[36mbegin transaction[0m
  ↳ db/seeds.rb:9
  [1m[36mDirector Destroy (0.4ms)[0m  [1m[31mDELETE FROM "directors" WHERE "directors"."id" = ?[0m  [["id", 19]]
  ↳ db/seeds.rb:9
  [1m[35m (1.5ms)[0m  [1m[36mcommit transaction[0m
  ↳ db/seeds.rb:9
  [1m[35m (0.1ms)[0m  [1m[36mbegin transaction[0m
  ↳ db/seeds.rb:9
  [1m[36mDirector Destroy (0.4ms)[0m  [1m[31mDELETE FROM "directors" WHERE "directors"."id" = ?[0m  [["id", 20]]
  ↳ db/seeds.rb:9
  [1m[35m (1.3ms)[0m  [1m[36mcommit transaction[0m
  ↳ db/seeds.rb:9
  [1m[35m (0.0ms)[0m  [1m[36mbegin transaction[0m
  ↳ db/seeds.rb:9
  [1m[36mDirector Destroy (0.3ms)[0m  [1m[31mDELETE FROM "directors" WHERE "directors"."id" = ?[0m  [["id", 21]]
  ↳ db/seeds.rb:9
  [1m[35m (1.3ms)[0m  [1m[36mcommit transaction[0m
  ↳ db/seeds.rb:9
  [1m[35m (0.0ms)[0m  [1m[36mbegin transaction[0m
  ↳ db/seeds.rb:11
  [1m[36mDirector Create (0.4ms)[0m  [1m[32mINSERT INTO "directors" ("first_name", "last_name", "created_at", "updated_at") VALUES (?, ?, ?, ?)[0m  [["first_name", "Nicolas"], ["last_name", "Refn"], ["created_at", "2018-04-30 13:33:05.623365"], ["updated_at", "2018-04-30 13:33:05.623365"]]
  ↳ db/seeds.rb:11
  [1m[35m (1.4ms)[0m  [1m[36mcommit transaction[0m
  ↳ db/seeds.rb:11
  [1m[35m (0.0ms)[0m  [1m[36mbegin transaction[0m
  ↳ db/seeds.rb:12
  [1m[36mDirector Create (0.3ms)[0m  [1m[32mINSERT INTO "directors" ("first_name", "last_name", "created_at", "updated_at") VALUES (?, ?, ?, ?)[0m  [["first_name", "Andy"], ["last_name", "Lau"], ["created_at", "2018-04-30 13:33:05.627254"], ["updated_at", "2018-04-30 13:33:05.627254"]]
  ↳ db/seeds.rb:12
  [1m[35m (1.2ms)[0m  [1m[36mcommit transaction[0m
  ↳ db/seeds.rb:12
  [1m[35m (0.0ms)[0m  [1m[36mbegin transaction[0m
  ↳ db/seeds.rb:13
  [1m[36mDirector Create (0.3ms)[0m  [1m[32mINSERT INTO "directors" ("first_name", "last_name", "created_at", "updated_at") VALUES (?, ?, ?, ?)[0m  [["first_name", "Wes"], ["last_name", "Anderson"], ["created_at", "2018-04-30 13:33:05.630381"], ["updated_at", "2018-04-30 13:33:05.630381"]]
  ↳ db/seeds.rb:13
  [1m[35m (1.5ms)[0m  [1m[36mcommit transaction[0m
  ↳ db/seeds.rb:13
  [1m[35m (0.0ms)[0m  [1m[36mbegin transaction[0m
  ↳ db/seeds.rb:14
  [1m[36mDirector Create (0.3ms)[0m  [1m[32mINSERT INTO "directors" ("first_name", "last_name", "created_at", "updated_at") VALUES (?, ?, ?, ?)[0m  [["first_name", "Christopher"], ["last_name", "Nolan"], ["created_at", "2018-04-30 13:33:05.633690"], ["updated_at", "2018-04-30 13:33:05.633690"]]
  ↳ db/seeds.rb:14
  [1m[35m (1.3ms)[0m  [1m[36mcommit transaction[0m
  ↳ db/seeds.rb:14
  [1m[35m (0.0ms)[0m  [1m[36mbegin transaction[0m
  ↳ db/seeds.rb:15
  [1m[36mDirector Create (0.3ms)[0m  [1m[32mINSERT INTO "directors" ("first_name", "last_name", "created_at", "updated_at") VALUES (?, ?, ?, ?)[0m  [["first_name", "Brothers"], ["last_name", "Cohen"], ["created_at", "2018-04-30 13:33:05.636787"], ["updated_at", "2018-04-30 13:33:05.636787"]]
  ↳ db/seeds.rb:15
  [1m[35m (1.3ms)[0m  [1m[36mcommit transaction[0m
  ↳ db/seeds.rb:15
  [1m[35m (0.3ms)[0m  [1m[34mSELECT "schema_migrations"."version" FROM "schema_migrations" ORDER BY "schema_migrations"."version" ASC[0m
  ↳ bin/rails:9
  [1m[36mMovie Load (0.3ms)[0m  [1m[34mSELECT "movies".* FROM "movies"[0m
  ↳ db/seeds.rb:8
  [1m[36mDirector Load (0.2ms)[0m  [1m[34mSELECT "directors".* FROM "directors"[0m
  ↳ db/seeds.rb:9
  [1m[35m (0.2ms)[0m  [1m[36mbegin transaction[0m
  ↳ db/seeds.rb:9
  [1m[36mDirector Destroy (0.9ms)[0m  [1m[31mDELETE FROM "directors" WHERE "directors"."id" = ?[0m  [["id", 22]]
  ↳ db/seeds.rb:9
  [1m[35m (1.7ms)[0m  [1m[36mcommit transaction[0m
  ↳ db/seeds.rb:9
  [1m[35m (0.1ms)[0m  [1m[36mbegin transaction[0m
  ↳ db/seeds.rb:9
  [1m[36mDirector Destroy (0.4ms)[0m  [1m[31mDELETE FROM "directors" WHERE "directors"."id" = ?[0m  [["id", 23]]
  ↳ db/seeds.rb:9
  [1m[35m (2.2ms)[0m  [1m[36mcommit transaction[0m
  ↳ db/seeds.rb:9
  [1m[35m (0.1ms)[0m  [1m[36mbegin transaction[0m
  ↳ db/seeds.rb:9
  [1m[36mDirector Destroy (0.4ms)[0m  [1m[31mDELETE FROM "directors" WHERE "directors"."id" = ?[0m  [["id", 24]]
  ↳ db/seeds.rb:9
  [1m[35m (1.7ms)[0m  [1m[36mcommit transaction[0m
  ↳ db/seeds.rb:9
  [1m[35m (0.1ms)[0m  [1m[36mbegin transaction[0m
  ↳ db/seeds.rb:9
  [1m[36mDirector Destroy (0.4ms)[0m  [1m[31mDELETE FROM "directors" WHERE "directors"."id" = ?[0m  [["id", 25]]
  ↳ db/seeds.rb:9
  [1m[35m (1.2ms)[0m  [1m[36mcommit transaction[0m
  ↳ db/seeds.rb:9
  [1m[35m (0.2ms)[0m  [1m[36mbegin transaction[0m
  ↳ db/seeds.rb:9
  [1m[36mDirector Destroy (0.3ms)[0m  [1m[31mDELETE FROM "directors" WHERE "directors"."id" = ?[0m  [["id", 26]]
  ↳ db/seeds.rb:9
  [1m[35m (1.4ms)[0m  [1m[36mcommit transaction[0m
  ↳ db/seeds.rb:9
  [1m[35m (0.1ms)[0m  [1m[36mbegin transaction[0m
  ↳ db/seeds.rb:11
  [1m[36mDirector Create (0.6ms)[0m  [1m[32mINSERT INTO "directors" ("first_name", "last_name", "created_at", "updated_at") VALUES (?, ?, ?, ?)[0m  [["first_name", "Nicolas"], ["last_name", "Refn"], ["created_at", "2018-04-30 13:37:06.220850"], ["updated_at", "2018-04-30 13:37:06.220850"]]
  ↳ db/seeds.rb:11
  [1m[35m (1.5ms)[0m  [1m[36mcommit transaction[0m
  ↳ db/seeds.rb:11
  [1m[35m (0.1ms)[0m  [1m[36mbegin transaction[0m
  ↳ db/seeds.rb:12
  [1m[36mDirector Create (0.5ms)[0m  [1m[32mINSERT INTO "directors" ("first_name", "last_name", "created_at", "updated_at") VALUES (?, ?, ?, ?)[0m  [["first_name", "Andy"], ["last_name", "Lau"], ["created_at", "2018-04-30 13:37:06.225672"], ["updated_at", "2018-04-30 13:37:06.225672"]]
  ↳ db/seeds.rb:12
  [1m[35m (15.8ms)[0m  [1m[36mcommit transaction[0m
  ↳ db/seeds.rb:12
  [1m[35m (0.1ms)[0m  [1m[36mbegin transaction[0m
  ↳ db/seeds.rb:13
  [1m[36mDirector Create (0.3ms)[0m  [1m[32mINSERT INTO "directors" ("first_name", "last_name", "created_at", "updated_at") VALUES (?, ?, ?, ?)[0m  [["first_name", "Wes"], ["last_name", "Anderson"], ["created_at", "2018-04-30 13:37:06.244438"], ["updated_at", "2018-04-30 13:37:06.244438"]]
  ↳ db/seeds.rb:13
  [1m[35m (1.6ms)[0m  [1m[36mcommit transaction[0m
  ↳ db/seeds.rb:13
  [1m[35m (0.1ms)[0m  [1m[36mbegin transaction[0m
  ↳ db/seeds.rb:14
  [1m[36mDirector Create (0.4ms)[0m  [1m[32mINSERT INTO "directors" ("first_name", "last_name", "created_at", "updated_at") VALUES (?, ?, ?, ?)[0m  [["first_name", "Christopher"], ["last_name", "Nolan"], ["created_at", "2018-04-30 13:37:06.248528"], ["updated_at", "2018-04-30 13:37:06.248528"]]
  ↳ db/seeds.rb:14
  [1m[35m (1.9ms)[0m  [1m[36mcommit transaction[0m
  ↳ db/seeds.rb:14
  [1m[35m (0.0ms)[0m  [1m[36mbegin transaction[0m
  ↳ db/seeds.rb:15
  [1m[36mDirector Create (0.3ms)[0m  [1m[32mINSERT INTO "directors" ("first_name", "last_name", "created_at", "updated_at") VALUES (?, ?, ?, ?)[0m  [["first_name", "Brothers"], ["last_name", "Cohen"], ["created_at", "2018-04-30 13:37:06.252246"], ["updated_at", "2018-04-30 13:37:06.252246"]]
  ↳ db/seeds.rb:15
  [1m[35m (1.3ms)[0m  [1m[36mcommit transaction[0m
  ↳ db/seeds.rb:15
  [1m[35m (0.1ms)[0m  [1m[36mbegin transaction[0m
  ↳ db/seeds.rb:17
  [1m[36mMovie Create (0.5ms)[0m  [1m[32mINSERT INTO "movies" ("title", "release_year", "created_at", "updated_at", "director_id") VALUES (?, ?, ?, ?, ?)[0m  [["title", "Fargo"], ["release_year", 1996], ["created_at", "2018-04-30 13:37:06.306384"], ["updated_at", "2018-04-30 13:37:06.306384"], ["director_id", 31]]
  ↳ db/seeds.rb:17
  [1m[35m (3.9ms)[0m  [1m[36mcommit transaction[0m
  ↳ db/seeds.rb:17
  [1m[35m (0.1ms)[0m  [1m[36mbegin transaction[0m
  ↳ db/seeds.rb:18
  [1m[36mMovie Create (0.6ms)[0m  [1m[32mINSERT INTO "movies" ("title", "release_year", "created_at", "updated_at", "director_id") VALUES (?, ?, ?, ?, ?)[0m  [["title", "The Darjeeling Limited"], ["release_year", 2007], ["created_at", "2018-04-30 13:37:06.314622"], ["updated_at", "2018-04-30 13:37:06.314622"], ["director_id", 29]]
  ↳ db/seeds.rb:18
  [1m[35m (1.6ms)[0m  [1m[36mcommit transaction[0m
  ↳ db/seeds.rb:18
  [1m[35m (0.0ms)[0m  [1m[36mbegin transaction[0m
  ↳ db/seeds.rb:19
  [1m[36mMovie Create (0.3ms)[0m  [1m[32mINSERT INTO "movies" ("title", "release_year", "created_at", "updated_at", "director_id") VALUES (?, ?, ?, ?, ?)[0m  [["title", "Drive"], ["release_year", 2011], ["created_at", "2018-04-30 13:37:06.321232"], ["updated_at", "2018-04-30 13:37:06.321232"], ["director_id", 27]]
  ↳ db/seeds.rb:19
  [1m[35m (1.5ms)[0m  [1m[36mcommit transaction[0m
  ↳ db/seeds.rb:19
  [1m[35m (0.1ms)[0m  [1m[36mbegin transaction[0m
  ↳ db/seeds.rb:20
  [1m[36mMovie Create (0.4ms)[0m  [1m[32mINSERT INTO "movies" ("title", "release_year", "created_at", "updated_at", "director_id") VALUES (?, ?, ?, ?, ?)[0m  [["title", "Inception"], ["release_year", 2013], ["created_at", "2018-04-30 13:37:06.325051"], ["updated_at", "2018-04-30 13:37:06.325051"], ["director_id", 30]]
  ↳ db/seeds.rb:20
  [1m[35m (1.3ms)[0m  [1m[36mcommit transaction[0m
  ↳ db/seeds.rb:20
  [1m[35m (0.1ms)[0m  [1m[36mbegin transaction[0m
  ↳ db/seeds.rb:21
  [1m[36mMovie Create (0.5ms)[0m  [1m[32mINSERT INTO "movies" ("title", "release_year", "created_at", "updated_at", "director_id") VALUES (?, ?, ?, ?, ?)[0m  [["title", "The Grand Budapest Hotel"], ["release_year", 2014], ["created_at", "2018-04-30 13:37:06.328503"], ["updated_at", "2018-04-30 13:37:06.328503"], ["director_id", 29]]
  ↳ db/seeds.rb:21
  [1m[35m (1.3ms)[0m  [1m[36mcommit transaction[0m
  ↳ db/seeds.rb:21
  [1m[35m (0.1ms)[0m  [1m[36mbegin transaction[0m
  ↳ db/seeds.rb:22
  [1m[36mMovie Create (0.3ms)[0m  [1m[32mINSERT INTO "movies" ("title", "release_year", "created_at", "updated_at", "director_id") VALUES (?, ?, ?, ?, ?)[0m  [["title", "Infernal Affairs"], ["release_year", 2002], ["created_at", "2018-04-30 13:37:06.332211"], ["updated_at", "2018-04-30 13:37:06.332211"], ["director_id", 28]]
  ↳ db/seeds.rb:22
  [1m[35m (2.8ms)[0m  [1m[36mcommit transaction[0m
  ↳ db/seeds.rb:22
